[2020-09-30 16:21:21.894] [exthost] [info] extension host started
[2020-09-30 16:21:22.827] [exthost] [info] ExtensionService#_doActivateExtension vscode.debug-auto-launch {"startup":true,"extensionId":{"value":"vscode.debug-auto-launch","_lower":"vscode.debug-auto-launch"},"activationEvent":"*"}
[2020-09-30 16:21:22.828] [exthost] [info] ExtensionService#loadCommonJSModule file:///usr/local/lib/code-server/lib/vscode/extensions/debug-auto-launch/dist/extension
[2020-09-30 16:21:22.835] [exthost] [info] ExtensionService#_doActivateExtension vscode.emmet {"startup":true,"extensionId":{"value":"vscode.emmet","_lower":"vscode.emmet"},"activationEvent":"*"}
[2020-09-30 16:21:22.835] [exthost] [info] ExtensionService#loadCommonJSModule file:///usr/local/lib/code-server/lib/vscode/extensions/emmet/dist/node/emmetNodeMain
[2020-09-30 16:21:22.873] [exthost] [info] ExtensionService#_doActivateExtension vscode.git {"startup":true,"extensionId":{"value":"vscode.github","_lower":"vscode.github"},"activationEvent":"*"}
[2020-09-30 16:21:22.874] [exthost] [info] ExtensionService#loadCommonJSModule file:///usr/local/lib/code-server/lib/vscode/extensions/git/dist/main
[2020-09-30 16:21:22.945] [exthost] [info] ExtensionService#_doActivateExtension vscode.github-authentication {"startup":true,"extensionId":{"value":"vscode.github-authentication","_lower":"vscode.github-authentication"},"activationEvent":"*"}
[2020-09-30 16:21:22.945] [exthost] [info] ExtensionService#loadCommonJSModule file:///usr/local/lib/code-server/lib/vscode/extensions/github-authentication/dist/extension.js
[2020-09-30 16:21:22.965] [exthost] [info] ExtensionService#_doActivateExtension vscode.merge-conflict {"startup":true,"extensionId":{"value":"vscode.merge-conflict","_lower":"vscode.merge-conflict"},"activationEvent":"*"}
[2020-09-30 16:21:22.965] [exthost] [info] ExtensionService#loadCommonJSModule file:///usr/local/lib/code-server/lib/vscode/extensions/merge-conflict/dist/mergeConflictMain
[2020-09-30 16:21:22.970] [exthost] [info] ExtensionService#_doActivateExtension vscode.microsoft-authentication {"startup":true,"extensionId":{"value":"vscode.microsoft-authentication","_lower":"vscode.microsoft-authentication"},"activationEvent":"*"}
[2020-09-30 16:21:22.971] [exthost] [info] ExtensionService#loadCommonJSModule file:///usr/local/lib/code-server/lib/vscode/extensions/microsoft-authentication/dist/extension.js
[2020-09-30 16:21:22.988] [exthost] [info] ExtensionService#_doActivateExtension vscode.search-result {"startup":true,"extensionId":{"value":"vscode.search-result","_lower":"vscode.search-result"},"activationEvent":"*"}
[2020-09-30 16:21:22.988] [exthost] [info] ExtensionService#loadCommonJSModule file:///usr/local/lib/code-server/lib/vscode/extensions/search-result/dist/extension.js
[2020-09-30 16:21:23.991] [exthost] [info] ExtensionService#_doActivateExtension vscode.github {"startup":true,"extensionId":{"value":"vscode.github","_lower":"vscode.github"},"activationEvent":"*"}
[2020-09-30 16:21:23.991] [exthost] [info] ExtensionService#loadCommonJSModule file:///usr/local/lib/code-server/lib/vscode/extensions/github/dist/extension.js
[2020-09-30 16:21:25.276] [exthost] [info] eager extensions activated
[2020-09-30 16:34:57.976] [exthost] [info] extension host started
[2020-09-30 16:35:00.200] [exthost] [info] ExtensionService#_doActivateExtension vscode.debug-auto-launch {"startup":true,"extensionId":{"value":"vscode.debug-auto-launch","_lower":"vscode.debug-auto-launch"},"activationEvent":"*"}
[2020-09-30 16:35:00.201] [exthost] [info] ExtensionService#loadCommonJSModule file:///usr/local/lib/code-server/lib/vscode/extensions/debug-auto-launch/dist/extension
[2020-09-30 16:35:00.212] [exthost] [info] ExtensionService#_doActivateExtension vscode.emmet {"startup":true,"extensionId":{"value":"vscode.emmet","_lower":"vscode.emmet"},"activationEvent":"*"}
[2020-09-30 16:35:00.212] [exthost] [info] ExtensionService#loadCommonJSModule file:///usr/local/lib/code-server/lib/vscode/extensions/emmet/dist/node/emmetNodeMain
[2020-09-30 16:35:00.258] [exthost] [info] ExtensionService#_doActivateExtension vscode.git {"startup":true,"extensionId":{"value":"vscode.github","_lower":"vscode.github"},"activationEvent":"*"}
[2020-09-30 16:35:00.258] [exthost] [info] ExtensionService#loadCommonJSModule file:///usr/local/lib/code-server/lib/vscode/extensions/git/dist/main
[2020-09-30 16:35:00.400] [exthost] [info] ExtensionService#_doActivateExtension vscode.github-authentication {"startup":true,"extensionId":{"value":"vscode.github-authentication","_lower":"vscode.github-authentication"},"activationEvent":"*"}
[2020-09-30 16:35:00.402] [exthost] [info] ExtensionService#loadCommonJSModule file:///usr/local/lib/code-server/lib/vscode/extensions/github-authentication/dist/extension.js
[2020-09-30 16:35:00.442] [exthost] [info] ExtensionService#_doActivateExtension vscode.merge-conflict {"startup":true,"extensionId":{"value":"vscode.merge-conflict","_lower":"vscode.merge-conflict"},"activationEvent":"*"}
[2020-09-30 16:35:00.442] [exthost] [info] ExtensionService#loadCommonJSModule file:///usr/local/lib/code-server/lib/vscode/extensions/merge-conflict/dist/mergeConflictMain
[2020-09-30 16:35:00.453] [exthost] [info] ExtensionService#_doActivateExtension vscode.microsoft-authentication {"startup":true,"extensionId":{"value":"vscode.microsoft-authentication","_lower":"vscode.microsoft-authentication"},"activationEvent":"*"}
[2020-09-30 16:35:00.454] [exthost] [info] ExtensionService#loadCommonJSModule file:///usr/local/lib/code-server/lib/vscode/extensions/microsoft-authentication/dist/extension.js
[2020-09-30 16:35:00.485] [exthost] [info] ExtensionService#_doActivateExtension vscode.search-result {"startup":true,"extensionId":{"value":"vscode.search-result","_lower":"vscode.search-result"},"activationEvent":"*"}
[2020-09-30 16:35:00.485] [exthost] [info] ExtensionService#loadCommonJSModule file:///usr/local/lib/code-server/lib/vscode/extensions/search-result/dist/extension.js
[2020-09-30 16:35:01.444] [exthost] [info] ExtensionService#_doActivateExtension vscode.github {"startup":true,"extensionId":{"value":"vscode.github","_lower":"vscode.github"},"activationEvent":"*"}
[2020-09-30 16:35:01.444] [exthost] [info] ExtensionService#loadCommonJSModule file:///usr/local/lib/code-server/lib/vscode/extensions/github/dist/extension.js
[2020-09-30 16:35:01.885] [exthost] [info] eager extensions activated
[2020-09-30 16:35:05.959] [exthost] [info] ExtensionService#_doActivateExtension vscode.configuration-editing {"startup":false,"extensionId":{"value":"vscode.configuration-editing","_lower":"vscode.configuration-editing"},"activationEvent":"onLanguage:jsonc"}
[2020-09-30 16:35:05.959] [exthost] [info] ExtensionService#loadCommonJSModule file:///usr/local/lib/code-server/lib/vscode/extensions/configuration-editing/dist/configurationEditingMain
[2020-09-30 16:35:05.966] [exthost] [info] ExtensionService#_doActivateExtension vscode.json-language-features {"startup":false,"extensionId":{"value":"vscode.json-language-features","_lower":"vscode.json-language-features"},"activationEvent":"onLanguage:jsonc"}
[2020-09-30 16:35:05.966] [exthost] [info] ExtensionService#loadCommonJSModule file:///usr/local/lib/code-server/lib/vscode/extensions/json-language-features/client/dist/node/jsonClientMain
[2020-09-30 16:35:06.017] [exthost] [info] ExtensionService#_doActivateExtension vscode.typescript-language-features {"startup":false,"extensionId":{"value":"vscode.typescript-language-features","_lower":"vscode.typescript-language-features"},"activationEvent":"onLanguage:jsonc"}
[2020-09-30 16:35:06.017] [exthost] [info] ExtensionService#loadCommonJSModule file:///usr/local/lib/code-server/lib/vscode/extensions/typescript-language-features/dist/extension
[2020-09-30 16:35:37.628] [exthost] [info] extension host started
[2020-09-30 16:35:38.041] [exthost] [info] ExtensionService#_doActivateExtension vscode.debug-auto-launch {"startup":true,"extensionId":{"value":"vscode.debug-auto-launch","_lower":"vscode.debug-auto-launch"},"activationEvent":"*"}
[2020-09-30 16:35:38.042] [exthost] [info] ExtensionService#loadCommonJSModule file:///usr/local/lib/code-server/lib/vscode/extensions/debug-auto-launch/dist/extension
[2020-09-30 16:35:38.050] [exthost] [info] ExtensionService#_doActivateExtension vscode.emmet {"startup":true,"extensionId":{"value":"vscode.emmet","_lower":"vscode.emmet"},"activationEvent":"*"}
[2020-09-30 16:35:38.051] [exthost] [info] ExtensionService#loadCommonJSModule file:///usr/local/lib/code-server/lib/vscode/extensions/emmet/dist/node/emmetNodeMain
[2020-09-30 16:35:38.092] [exthost] [info] ExtensionService#_doActivateExtension vscode.git {"startup":true,"extensionId":{"value":"vscode.github","_lower":"vscode.github"},"activationEvent":"*"}
[2020-09-30 16:35:38.092] [exthost] [info] ExtensionService#loadCommonJSModule file:///usr/local/lib/code-server/lib/vscode/extensions/git/dist/main
[2020-09-30 16:35:38.171] [exthost] [info] ExtensionService#_doActivateExtension vscode.github-authentication {"startup":true,"extensionId":{"value":"vscode.github-authentication","_lower":"vscode.github-authentication"},"activationEvent":"*"}
[2020-09-30 16:35:38.171] [exthost] [info] ExtensionService#loadCommonJSModule file:///usr/local/lib/code-server/lib/vscode/extensions/github-authentication/dist/extension.js
[2020-09-30 16:35:38.190] [exthost] [info] ExtensionService#_doActivateExtension vscode.merge-conflict {"startup":true,"extensionId":{"value":"vscode.merge-conflict","_lower":"vscode.merge-conflict"},"activationEvent":"*"}
[2020-09-30 16:35:38.190] [exthost] [info] ExtensionService#loadCommonJSModule file:///usr/local/lib/code-server/lib/vscode/extensions/merge-conflict/dist/mergeConflictMain
[2020-09-30 16:35:38.196] [exthost] [info] ExtensionService#_doActivateExtension vscode.microsoft-authentication {"startup":true,"extensionId":{"value":"vscode.microsoft-authentication","_lower":"vscode.microsoft-authentication"},"activationEvent":"*"}
[2020-09-30 16:35:38.196] [exthost] [info] ExtensionService#loadCommonJSModule file:///usr/local/lib/code-server/lib/vscode/extensions/microsoft-authentication/dist/extension.js
[2020-09-30 16:35:38.213] [exthost] [info] ExtensionService#_doActivateExtension vscode.search-result {"startup":true,"extensionId":{"value":"vscode.search-result","_lower":"vscode.search-result"},"activationEvent":"*"}
[2020-09-30 16:35:38.213] [exthost] [info] ExtensionService#loadCommonJSModule file:///usr/local/lib/code-server/lib/vscode/extensions/search-result/dist/extension.js
[2020-09-30 16:35:39.369] [exthost] [info] ExtensionService#_doActivateExtension vscode.github {"startup":true,"extensionId":{"value":"vscode.github","_lower":"vscode.github"},"activationEvent":"*"}
[2020-09-30 16:35:39.369] [exthost] [info] ExtensionService#loadCommonJSModule file:///usr/local/lib/code-server/lib/vscode/extensions/github/dist/extension.js
[2020-09-30 16:35:39.749] [exthost] [info] eager extensions activated
